<?xml version="1.0" encoding="UTF-8"?>
<!-- Generated by org.testng.reporters.JUnitReportReporter -->
<testsuite hostname="admin-pc" failures="0" tests="1" name="testpackage.TestActiTimeInvalidLogin" time="89.787" errors="0" timestamp="2022-06-12T15:42:32 IST" skipped="0">
  <testcase classname="testpackage.TestActiTimeInvalidLogin" name="invalidLogin" time="89.787"/>
  <system-out/>
</testsuite> <!-- testpackage.TestActiTimeInvalidLogin -->
