<?xml version="1.0" encoding="UTF-8"?>
<!-- Generated by org.testng.reporters.JUnitReportReporter -->
<testsuite hostname="admin-pc" failures="0" tests="1" name="testpackage.TestActiTimeSettings" time="41.690" errors="0" timestamp="2022-06-12T13:05:51 IST" skipped="0">
  <testcase classname="testpackage.TestActiTimeSettings" name="setting" time="41.690"/>
  <system-out/>
</testsuite> <!-- testpackage.TestActiTimeSettings -->
