<?xml version="1.0" encoding="UTF-8"?>
<!-- Generated by org.testng.reporters.JUnitReportReporter -->
<testsuite hostname="admin-pc" failures="0" tests="1" name="testpackage.TestActiTimeValidLogin" time="29.276" errors="0" timestamp="2022-06-12T14:36:21 IST" skipped="0">
  <testcase classname="testpackage.TestActiTimeValidLogin" name="Login" time="29.276"/>
  <system-out/>
</testsuite> <!-- testpackage.TestActiTimeValidLogin -->
