<?xml version="1.0" encoding="UTF-8"?>
<!-- Generated by org.testng.reporters.JUnitReportReporter -->
<testsuite hostname="admin-pc" failures="0" tests="1" name="testpackage.TestActiTimeLogout" time="12.949" errors="0" timestamp="2022-06-12T13:06:21 IST" skipped="0">
  <testcase classname="testpackage.TestActiTimeLogout" name="logout" time="12.949"/>
  <system-out/>
</testsuite> <!-- testpackage.TestActiTimeLogout -->
