<?xml version="1.0" encoding="UTF-8"?>
<!-- Generated by org.testng.reporters.JUnitReportReporter -->
<testsuite hostname="admin-pc" failures="0" tests="1" name="testpackage.TestActiTimeInvalidLogin" time="56.043" errors="0" timestamp="2022-06-12T14:38:54 IST" skipped="0">
  <testcase classname="testpackage.TestActiTimeInvalidLogin" name="invalidLogin" time="56.043"/>
  <system-out/>
</testsuite> <!-- testpackage.TestActiTimeInvalidLogin -->
