<?xml version="1.0" encoding="UTF-8"?>
<!-- Generated by org.testng.reporters.JUnitReportReporter -->
<testsuite hostname="admin-pc" failures="0" tests="1" name="testpackage.TestActiTimeInvalidLogin" time="41.963" errors="0" timestamp="2022-06-15T22:27:25 IST" skipped="0">
  <testcase classname="testpackage.TestActiTimeInvalidLogin" name="invalidLogin" time="41.963"/>
  <system-out/>
</testsuite> <!-- testpackage.TestActiTimeInvalidLogin -->
